<?xml version="1.0" encoding="UTF-8"?>
<!-- Generated by org.testng.reporters.JUnitReportReporter -->
<testsuite skipped="0" hostname="fred" name="test.UITests" tests="5" failures="0" timestamp="18 Jul 2019 10:18:30 GMT" time="24.892" errors="0">
  <testcase name="openBrowser" time="19.991" classname="test.UITests"/>
  <testcase name="VerifyHomepageTitle" time="0.029" classname="test.UITests"/>
  <testcase name="FillForms" time="0.623" classname="test.UITests"/>
  <testcase name="VerifySuccessMessage" time="2.147" classname="test.UITests"/>
  <testcase name="closeBrowser" time="2.102" classname="test.UITests"/>
</testsuite> <!-- test.UITests -->
